  pcre_compile.c
  pcre_config.c
  pcre_dfa_exec.c
  pcre_exec.c
  pcre_fullinfo.c
  pcre_get.c
  pcre_globals.c
  pcre_info.c
  pcre_maketables.c
  pcre_newline.c
  pcre_ord2utf8.c
  pcre_refcount.c
  pcre_study.c
  pcre_tables.c
  pcre_try_flipped.c
  pcre_ucd.c
  pcre_valid_utf8.c
  pcre_version.c
  pcre_xclass.c
  pcre_chartables.c
  Generating Code...
     Creating library C:\svn\windowsrtdev\libs\pcre\7.8\src\build\Release\pcre.lib and object C:\svn\windowsrtdev\libs\pcre\7.8\src\build\Release\pcre.exp
  pcre.vcxproj -> C:\svn\windowsrtdev\libs\pcre\7.8\src\build\Release\pcre.dll
