C:\SVN\WINDOWSRTDEV\LIBS\PCRE\7.8\SRC\BUILD\PCRE.DIR\RELEASE\PCRE_XCLASS.OBJ
C:\SVN\WINDOWSRTDEV\LIBS\PCRE\7.8\SRC\BUILD\PCRE.DIR\RELEASE\PCRE_VERSION.OBJ
C:\SVN\WINDOWSRTDEV\LIBS\PCRE\7.8\SRC\BUILD\PCRE.DIR\RELEASE\PCRE_VALID_UTF8.OBJ
C:\SVN\WINDOWSRTDEV\LIBS\PCRE\7.8\SRC\BUILD\PCRE.DIR\RELEASE\PCRE_UCD.OBJ
C:\SVN\WINDOWSRTDEV\LIBS\PCRE\7.8\SRC\BUILD\PCRE.DIR\RELEASE\PCRE_TRY_FLIPPED.OBJ
C:\SVN\WINDOWSRTDEV\LIBS\PCRE\7.8\SRC\BUILD\PCRE.DIR\RELEASE\PCRE_TABLES.OBJ
C:\SVN\WINDOWSRTDEV\LIBS\PCRE\7.8\SRC\BUILD\PCRE.DIR\RELEASE\PCRE_STUDY.OBJ
C:\SVN\WINDOWSRTDEV\LIBS\PCRE\7.8\SRC\BUILD\PCRE.DIR\RELEASE\PCRE_REFCOUNT.OBJ
C:\SVN\WINDOWSRTDEV\LIBS\PCRE\7.8\SRC\BUILD\PCRE.DIR\RELEASE\PCRE_ORD2UTF8.OBJ
C:\SVN\WINDOWSRTDEV\LIBS\PCRE\7.8\SRC\BUILD\PCRE.DIR\RELEASE\PCRE_MAKETABLES.OBJ
C:\SVN\WINDOWSRTDEV\LIBS\PCRE\7.8\SRC\BUILD\PCRE.DIR\RELEASE\PCRE_NEWLINE.OBJ
C:\SVN\WINDOWSRTDEV\LIBS\PCRE\7.8\SRC\BUILD\PCRE.DIR\RELEASE\PCRE_INFO.OBJ
C:\SVN\WINDOWSRTDEV\LIBS\PCRE\7.8\SRC\BUILD\PCRE.DIR\RELEASE\PCRE_GLOBALS.OBJ
C:\SVN\WINDOWSRTDEV\LIBS\PCRE\7.8\SRC\BUILD\PCRE.DIR\RELEASE\PCRE_GET.OBJ
C:\SVN\WINDOWSRTDEV\LIBS\PCRE\7.8\SRC\BUILD\PCRE.DIR\RELEASE\PCRE_FULLINFO.OBJ
C:\SVN\WINDOWSRTDEV\LIBS\PCRE\7.8\SRC\BUILD\PCRE.DIR\RELEASE\PCRE_EXEC.OBJ
C:\SVN\WINDOWSRTDEV\LIBS\PCRE\7.8\SRC\BUILD\PCRE.DIR\RELEASE\PCRE_DFA_EXEC.OBJ
C:\SVN\WINDOWSRTDEV\LIBS\PCRE\7.8\SRC\BUILD\PCRE.DIR\RELEASE\PCRE_CONFIG.OBJ
C:\SVN\WINDOWSRTDEV\LIBS\PCRE\7.8\SRC\BUILD\PCRE.DIR\RELEASE\PCRE_COMPILE.OBJ
C:\SVN\WINDOWSRTDEV\LIBS\PCRE\7.8\SRC\BUILD\PCRE.DIR\RELEASE\PCRE_CHARTABLES.OBJ
C:\SVN\WINDOWSRTDEV\LIBS\PCRE\7.8\SRC\BUILD\CMAKEFILES\GENERATE.STAMP
C:\SVN\WINDOWSRTDEV\LIBS\PCRE\7.8\SRC\BUILD\RELEASE\PCRE.LIB
C:\SVN\WINDOWSRTDEV\LIBS\PCRE\7.8\SRC\BUILD\RELEASE\PCRE.DLL
C:\svn\windowsrtdev\libs\pcre\7.8\src\build\Release\pcre.lib
C:\svn\windowsrtdev\libs\pcre\7.8\src\build\Release\pcre.exp
C:\svn\windowsrtdev\libs\pcre\7.8\src\build\pcre.dir\Release\pcre_chartables.obj
C:\svn\windowsrtdev\libs\pcre\7.8\src\build\pcre.dir\Release\pcre_compile.obj
C:\svn\windowsrtdev\libs\pcre\7.8\src\build\pcre.dir\Release\pcre_config.obj
C:\svn\windowsrtdev\libs\pcre\7.8\src\build\pcre.dir\Release\pcre_dfa_exec.obj
C:\svn\windowsrtdev\libs\pcre\7.8\src\build\pcre.dir\Release\pcre_exec.obj
C:\svn\windowsrtdev\libs\pcre\7.8\src\build\pcre.dir\Release\pcre_fullinfo.obj
C:\svn\windowsrtdev\libs\pcre\7.8\src\build\pcre.dir\Release\pcre_get.obj
C:\svn\windowsrtdev\libs\pcre\7.8\src\build\pcre.dir\Release\pcre_globals.obj
C:\svn\windowsrtdev\libs\pcre\7.8\src\build\pcre.dir\Release\pcre_info.obj
C:\svn\windowsrtdev\libs\pcre\7.8\src\build\pcre.dir\Release\pcre_maketables.obj
C:\svn\windowsrtdev\libs\pcre\7.8\src\build\pcre.dir\Release\pcre_newline.obj
C:\svn\windowsrtdev\libs\pcre\7.8\src\build\pcre.dir\Release\pcre_ord2utf8.obj
C:\svn\windowsrtdev\libs\pcre\7.8\src\build\pcre.dir\Release\pcre_refcount.obj
C:\svn\windowsrtdev\libs\pcre\7.8\src\build\pcre.dir\Release\pcre_study.obj
C:\svn\windowsrtdev\libs\pcre\7.8\src\build\pcre.dir\Release\pcre_tables.obj
C:\svn\windowsrtdev\libs\pcre\7.8\src\build\pcre.dir\Release\pcre_try_flipped.obj
C:\svn\windowsrtdev\libs\pcre\7.8\src\build\pcre.dir\Release\pcre_ucd.obj
C:\svn\windowsrtdev\libs\pcre\7.8\src\build\pcre.dir\Release\pcre_valid_utf8.obj
C:\svn\windowsrtdev\libs\pcre\7.8\src\build\pcre.dir\Release\pcre_version.obj
C:\svn\windowsrtdev\libs\pcre\7.8\src\build\pcre.dir\Release\pcre_xclass.obj
C:\svn\windowsrtdev\libs\pcre\7.8\src\build\pcre.dir\Release\cl.command.1.tlog
C:\svn\windowsrtdev\libs\pcre\7.8\src\build\pcre.dir\Release\CL.read.1.tlog
C:\svn\windowsrtdev\libs\pcre\7.8\src\build\pcre.dir\Release\CL.write.1.tlog
C:\svn\windowsrtdev\libs\pcre\7.8\src\build\pcre.dir\Release\custombuild.command.1.tlog
C:\svn\windowsrtdev\libs\pcre\7.8\src\build\pcre.dir\Release\custombuild.read.1.tlog
C:\svn\windowsrtdev\libs\pcre\7.8\src\build\pcre.dir\Release\custombuild.write.1.tlog
C:\svn\windowsrtdev\libs\pcre\7.8\src\build\pcre.dir\Release\Lib-link.read.1.tlog
C:\svn\windowsrtdev\libs\pcre\7.8\src\build\pcre.dir\Release\Lib-link.write.1.tlog
C:\svn\windowsrtdev\libs\pcre\7.8\src\build\pcre.dir\Release\lib.command.1.tlog
C:\svn\windowsrtdev\libs\pcre\7.8\src\build\pcre.dir\Release\link-cvtres.read.1.tlog
C:\svn\windowsrtdev\libs\pcre\7.8\src\build\pcre.dir\Release\link-cvtres.write.1.tlog
C:\svn\windowsrtdev\libs\pcre\7.8\src\build\pcre.dir\Release\link-rc.read.1.tlog
C:\svn\windowsrtdev\libs\pcre\7.8\src\build\pcre.dir\Release\link-rc.write.1.tlog
C:\svn\windowsrtdev\libs\pcre\7.8\src\build\pcre.dir\Release\link.command.1.tlog
C:\svn\windowsrtdev\libs\pcre\7.8\src\build\pcre.dir\Release\link.read.1.tlog
C:\svn\windowsrtdev\libs\pcre\7.8\src\build\pcre.dir\Release\link.write.1.tlog
C:\svn\windowsrtdev\libs\pcre\7.8\src\build\pcre.dir\Release\pcre.write.1.tlog
C:\svn\windowsrtdev\libs\pcre\7.8\src\build\Release\pcre.dll
