This file contains any messages produced by compilers while
running configure, to aid debugging if configure makes a mistake.

It was created by configure, which was
generated by GNU Autoconf 2.59.  Invocation command line was

  $ ./configure --includedir=/c/libs/expat-1.95.8/include --libdir=/c/libs/expat-1.95.8/lib

## --------- ##
## Platform. ##
## --------- ##

hostname = cofcvsareeveslt
uname -m = i686
uname -r = 1.0.10(0.46/3/2)
uname -s = MINGW32_NT-5.1
uname -v = 2004-03-15 07:17

/usr/bin/uname -p = unknown
/bin/uname -X     = unknown

/bin/arch              = unknown
/usr/bin/arch -k       = unknown
/usr/convex/getsysinfo = unknown
hostinfo               = unknown
/bin/machine           = unknown
/usr/bin/oslevel       = unknown
/bin/universe          = unknown

PATH: .
PATH: /usr/local/bin
PATH: /c/MinGW/bin
PATH: /bin
PATH: /c/texmf/miktex/bin
PATH: /c/Perl/bin/
PATH: /c/WINDOWS/system32
PATH: /c/WINDOWS
PATH: /c/WINDOWS/System32/Wbem
PATH: "C
PATH: /Program Files/Symantec/Norton Ghost 2003/"
PATH: /c/Program Files/Common Files/GTK/2.0/bin
PATH: /c/Program Files/cvsnt
PATH: /c/Program Files/QuickTime/QTSystem/
PATH: /c/qt/bin
PATH: /c/Program Files/Borland/Delphi7/Bin
PATH: /c/Program Files/Borland/Delphi7/Projects/Bpl/
PATH: /c/Program Files/Microsoft Visual Studio/Common/Tools/WinNT
PATH: /c/Program Files/Microsoft Visual Studio/Common/MSDev98/Bin
PATH: /c/Program Files/Microsoft Visual Studio/Common/Tools
PATH: /c/Program Files/Microsoft Visual Studio/VC98/bin
PATH: /c/bin
PATH: /c/mysql/bin
PATH: /c/Program Files/Microsoft SDK/Bin/.
PATH: /c/Program Files/Microsoft SDK/Bin/WinNT/.
PATH: /c/Program Files/doxygen/bin
PATH: /c/libs/bin
PATH: /c/libs/expat-1.95.8/bin
PATH: /c/libs/gettext-0.13.1/bin
PATH: /c/libs/glib-2.4.7/bin
PATH: /c/libs/gmp-4.1/bin
PATH: /c/libs/gsl-1.6/bin
PATH: /c/libs/libiconv-1.9.1/bin
PATH: /c/libs/sprng-2.0a_naadsm/bin
PATH: /c/libs/popt-1.8.1/bin
PATH: /c/libs/libintl-0.14.4/bin
PATH: /c/libs/libiconv-1.8-1/bin
PATH: /c/DelphiComponents/zipmaster178/dll
PATH: /c/Qt4/4.0.0/bin
PATH: /c/MinGW/bin
PATH: /c/cygwin/bin
PATH: /c/Program Files/JetSQLConsole


## ----------- ##
## Core tests. ##
## ----------- ##

configure:1305: checking for a BSD-compatible install
configure:1360: result: /bin/install -c
configure:1371: checking whether build environment is sane
configure:1414: result: yes
configure:1447: checking for gawk
configure:1463: found /bin/gawk
configure:1473: result: gawk
configure:1483: checking whether make sets $(MAKE)
configure:1503: result: yes
configure:1682: checking for style of include used by make
configure:1710: result: GNU
configure:1781: checking for gcc
configure:1797: found /c/MinGW/bin/gcc
configure:1807: result: gcc
configure:2051: checking for C compiler version
configure:2054: gcc --version </dev/null >&5
gcc.exe (GCC) 3.4.2 (mingw-special)
Copyright (C) 2004 Free Software Foundation, Inc.
This is free software; see the source for copying conditions.  There is NO
warranty; not even for MERCHANTABILITY or FITNESS FOR A PARTICULAR PURPOSE.

configure:2057: $? = 0
configure:2059: gcc -v </dev/null >&5
Reading specs from c:/MinGW/bin/../lib/gcc/mingw32/3.4.2/specs
Configured with: ../gcc/configure --with-gcc --with-gnu-ld --with-gnu-as --host=mingw32 --target=mingw32 --prefix=/mingw --enable-threads --disable-nls --enable-languages=c,c++,f77,ada,objc,java --disable-win32-registry --disable-shared --enable-sjlj-exceptions --enable-libgcj --disable-java-awt --without-x --enable-java-gc=boehm --disable-libgcj-debug --enable-interpreter --enable-hash-synchronization --enable-libstdcxx-debug
Thread model: win32
gcc version 3.4.2 (mingw-special)
configure:2062: $? = 0
configure:2064: gcc -V </dev/null >&5
gcc.exe: `-V' option must have argument
configure:2067: $? = 1
configure:2090: checking for C compiler default output file name
configure:2093: gcc    conftest.c  >&5
configure:2096: $? = 0
configure:2142: result: a.exe
configure:2147: checking whether the C compiler works
configure:2153: ./a.exe
configure:2156: $? = 0
configure:2173: result: yes
configure:2180: checking whether we are cross compiling
configure:2182: result: no
configure:2185: checking for suffix of executables
configure:2187: gcc -o conftest.exe    conftest.c  >&5
configure:2190: $? = 0
configure:2215: result: .exe
configure:2221: checking for suffix of object files
configure:2242: gcc -c   conftest.c >&5
configure:2245: $? = 0
configure:2267: result: o
configure:2271: checking whether we are using the GNU C compiler
configure:2295: gcc -c   conftest.c >&5
configure:2301: $? = 0
configure:2304: test -z 			 || test ! -s conftest.err
configure:2307: $? = 0
configure:2310: test -s conftest.o
configure:2313: $? = 0
configure:2326: result: yes
configure:2332: checking whether gcc accepts -g
configure:2353: gcc -c -g  conftest.c >&5
configure:2359: $? = 0
configure:2362: test -z 			 || test ! -s conftest.err
configure:2365: $? = 0
configure:2368: test -s conftest.o
configure:2371: $? = 0
configure:2382: result: yes
configure:2399: checking for gcc option to accept ANSI C
configure:2469: gcc  -c -g -O2  conftest.c >&5
configure:2475: $? = 0
configure:2478: test -z 			 || test ! -s conftest.err
configure:2481: $? = 0
configure:2484: test -s conftest.o
configure:2487: $? = 0
configure:2505: result: none needed
configure:2523: gcc -c -g -O2  conftest.c >&5
conftest.c:2: error: syntax error before "me"
configure:2529: $? = 1
configure: failed program was:
| #ifndef __cplusplus
|   choke me
| #endif
configure:2661: checking dependency style of gcc
configure:2744: result: gcc3
configure:2763: checking for strerror in -lcposix
configure:2793: gcc -o conftest.exe -g -O2   conftest.c -lcposix   >&5
c:\MinGW\bin\..\lib\gcc\mingw32\3.4.2\..\..\..\..\mingw32\bin\ld.exe: cannot find -lcposix
collect2: ld returned 1 exit status
configure:2799: $? = 1
configure: failed program was:
| /* confdefs.h.  */
| 
| #define PACKAGE_NAME ""
| #define PACKAGE_TARNAME ""
| #define PACKAGE_VERSION ""
| #define PACKAGE_STRING ""
| #define PACKAGE_BUGREPORT ""
| #define PACKAGE "scew"
| #define VERSION "0.4.0"
| /* end confdefs.h.  */
| 
| /* Override any gcc2 internal prototype to avoid an error.  */
| #ifdef __cplusplus
| extern "C"
| #endif
| /* We use char because int might match the return type of a gcc2
|    builtin and then its argument prototype would still apply.  */
| char strerror ();
| int
| main ()
| {
| strerror ();
|   ;
|   return 0;
| }
configure:2824: result: no
configure:2878: checking for gcc
configure:2904: result: gcc
configure:3148: checking for C compiler version
configure:3151: gcc --version </dev/null >&5
gcc.exe (GCC) 3.4.2 (mingw-special)
Copyright (C) 2004 Free Software Foundation, Inc.
This is free software; see the source for copying conditions.  There is NO
warranty; not even for MERCHANTABILITY or FITNESS FOR A PARTICULAR PURPOSE.

configure:3154: $? = 0
configure:3156: gcc -v </dev/null >&5
Reading specs from c:/MinGW/bin/../lib/gcc/mingw32/3.4.2/specs
Configured with: ../gcc/configure --with-gcc --with-gnu-ld --with-gnu-as --host=mingw32 --target=mingw32 --prefix=/mingw --enable-threads --disable-nls --enable-languages=c,c++,f77,ada,objc,java --disable-win32-registry --disable-shared --enable-sjlj-exceptions --enable-libgcj --disable-java-awt --without-x --enable-java-gc=boehm --disable-libgcj-debug --enable-interpreter --enable-hash-synchronization --enable-libstdcxx-debug
Thread model: win32
gcc version 3.4.2 (mingw-special)
configure:3159: $? = 0
configure:3161: gcc -V </dev/null >&5
gcc.exe: `-V' option must have argument
configure:3164: $? = 1
configure:3167: checking whether we are using the GNU C compiler
configure:3222: result: yes
configure:3228: checking whether gcc accepts -g
configure:3278: result: yes
configure:3295: checking for gcc option to accept ANSI C
configure:3401: result: none needed
configure:3419: gcc -c -g -O2  conftest.c >&5
conftest.c:2: error: syntax error before "me"
configure:3425: $? = 1
configure: failed program was:
| #ifndef __cplusplus
|   choke me
| #endif
configure:3557: checking dependency style of gcc
configure:3640: result: gcc3
configure:3663: checking how to run the C preprocessor
configure:3698: gcc -E  conftest.c
configure:3704: $? = 0
configure:3736: gcc -E  conftest.c
conftest.c:11:28: ac_nonexistent.h: No such file or directory
configure:3742: $? = 1
configure: failed program was:
| /* confdefs.h.  */
| 
| #define PACKAGE_NAME ""
| #define PACKAGE_TARNAME ""
| #define PACKAGE_VERSION ""
| #define PACKAGE_STRING ""
| #define PACKAGE_BUGREPORT ""
| #define PACKAGE "scew"
| #define VERSION "0.4.0"
| /* end confdefs.h.  */
| #include <ac_nonexistent.h>
configure:3781: result: gcc -E
configure:3805: gcc -E  conftest.c
configure:3811: $? = 0
configure:3843: gcc -E  conftest.c
conftest.c:11:28: ac_nonexistent.h: No such file or directory
configure:3849: $? = 1
configure: failed program was:
| /* confdefs.h.  */
| 
| #define PACKAGE_NAME ""
| #define PACKAGE_TARNAME ""
| #define PACKAGE_VERSION ""
| #define PACKAGE_STRING ""
| #define PACKAGE_BUGREPORT ""
| #define PACKAGE "scew"
| #define VERSION "0.4.0"
| /* end confdefs.h.  */
| #include <ac_nonexistent.h>
configure:3893: checking for egrep
configure:3903: result: grep -E
configure:3908: checking for ANSI C header files
configure:3933: gcc -c -g -O2  conftest.c >&5
configure:3939: $? = 0
configure:3942: test -z 			 || test ! -s conftest.err
configure:3945: $? = 0
configure:3948: test -s conftest.o
configure:3951: $? = 0
configure:4037: gcc -o conftest.exe -g -O2   conftest.c  >&5
configure:4040: $? = 0
configure:4042: ./conftest.exe
configure:4045: $? = 0
configure:4060: result: yes
configure:4111: checking for ranlib
configure:4127: found /c/MinGW/bin/ranlib
configure:4138: result: ranlib
configure:4203: checking for doxygen
configure:4221: found /c/Program Files/doxygen/bin/doxygen
configure:4233: result: /c/Program Files/doxygen/bin/doxygen
configure:4251: checking for dot
configure:4284: result: no
configure:4319: checking for XML_Parse in -lexpat
configure:4349: gcc -o conftest.exe -Wall -pipe -O2   conftest.c -lexpat   >&5
c:\MinGW\bin\..\lib\gcc\mingw32\3.4.2\..\..\..\..\mingw32\bin\ld.exe: cannot find -lexpat
collect2: ld returned 1 exit status
configure:4355: $? = 1
configure: failed program was:
| /* confdefs.h.  */
| 
| #define PACKAGE_NAME ""
| #define PACKAGE_TARNAME ""
| #define PACKAGE_VERSION ""
| #define PACKAGE_STRING ""
| #define PACKAGE_BUGREPORT ""
| #define PACKAGE "scew"
| #define VERSION "0.4.0"
| #define STDC_HEADERS 1
| /* end confdefs.h.  */
| 
| /* Override any gcc2 internal prototype to avoid an error.  */
| #ifdef __cplusplus
| extern "C"
| #endif
| /* We use char because int might match the return type of a gcc2
|    builtin and then its argument prototype would still apply.  */
| char XML_Parse ();
| int
| main ()
| {
| XML_Parse ();
|   ;
|   return 0;
| }
configure:4380: result: no
configure:4391: error: Unable to find Expat library.
                  Download lastest version at http://www.libexpat.org

## ---------------- ##
## Cache variables. ##
## ---------------- ##

ac_cv_c_compiler_gnu=yes
ac_cv_env_CC_set=
ac_cv_env_CC_value=
ac_cv_env_CFLAGS_set=
ac_cv_env_CFLAGS_value=
ac_cv_env_CPPFLAGS_set=
ac_cv_env_CPPFLAGS_value=
ac_cv_env_CPP_set=
ac_cv_env_CPP_value=
ac_cv_env_LDFLAGS_set=
ac_cv_env_LDFLAGS_value=
ac_cv_env_build_alias_set=
ac_cv_env_build_alias_value=
ac_cv_env_host_alias_set=
ac_cv_env_host_alias_value=
ac_cv_env_target_alias_set=
ac_cv_env_target_alias_value=
ac_cv_exeext=.exe
ac_cv_header_stdc=yes
ac_cv_lib_cposix_strerror=no
ac_cv_lib_expat_XML_Parse=no
ac_cv_objext=o
ac_cv_path_DOXYGEN='/c/Program Files/doxygen/bin/doxygen'
ac_cv_path_install='/bin/install -c'
ac_cv_prog_AWK=gawk
ac_cv_prog_CPP='gcc -E'
ac_cv_prog_ac_ct_CC=gcc
ac_cv_prog_ac_ct_RANLIB=ranlib
ac_cv_prog_cc_g=yes
ac_cv_prog_cc_stdc=
ac_cv_prog_egrep='grep -E'
ac_cv_prog_make_make_set=yes
am_cv_CC_dependencies_compiler_type=gcc3

## ----------------- ##
## Output variables. ##
## ----------------- ##

ACLOCAL='${SHELL} /c/libs/scew-0.4.0/missing --run aclocal-1.7'
AMDEPBACKSLASH='\'
AMDEP_FALSE='#'
AMDEP_TRUE=''
AMTAR='${SHELL} /c/libs/scew-0.4.0/missing --run tar'
AUTOCONF='${SHELL} /c/libs/scew-0.4.0/missing --run autoconf'
AUTOHEADER='${SHELL} /c/libs/scew-0.4.0/missing --run autoheader'
AUTOMAKE='${SHELL} /c/libs/scew-0.4.0/missing --run automake-1.7'
AWK='gawk'
CC='gcc'
CCDEPMODE='depmode=gcc3'
CFLAGS='-Wall -pipe -O2'
CPP='gcc -E'
CPPFLAGS=''
CYGPATH_W='cygpath -w'
DEFS=''
DEPDIR='.deps'
DOC_FALSE='#'
DOC_TRUE=''
DOT=''
DOXYGEN='/c/Program Files/doxygen/bin/doxygen'
ECHO_C=''
ECHO_N='-n'
ECHO_T=''
EGREP='grep -E'
EXEEXT='.exe'
INSTALL_DATA='${INSTALL} -m 644'
INSTALL_PROGRAM='${INSTALL}'
INSTALL_SCRIPT='${INSTALL}'
INSTALL_STRIP_PROGRAM='${SHELL} $(install_sh) -c -s'
LDFLAGS=''
LIBOBJS=''
LIBS=''
LTLIBOBJS=''
MAKEINFO='${SHELL} /c/libs/scew-0.4.0/missing --run makeinfo'
OBJEXT='o'
PACKAGE='scew'
PACKAGE_BUGREPORT=''
PACKAGE_NAME=''
PACKAGE_STRING=''
PACKAGE_TARNAME=''
PACKAGE_VERSION=''
PATH_SEPARATOR=':'
RANLIB='ranlib'
SET_MAKE=''
SHELL='/bin/sh'
STRIP=''
VERSION='0.4.0'
ac_ct_CC='gcc'
ac_ct_RANLIB='ranlib'
ac_ct_STRIP=''
am__fastdepCC_FALSE='#'
am__fastdepCC_TRUE=''
am__include='include'
am__leading_dot='.'
am__quote=''
bindir='${exec_prefix}/bin'
build_alias=''
datadir='${prefix}/share'
enable_dot='no'
enable_html_docs='yes'
enable_latex_docs='no'
exec_prefix='NONE'
host_alias=''
includedir='/c/libs/expat-1.95.8/include'
infodir='${prefix}/info'
install_sh='/c/libs/scew-0.4.0/install-sh'
libdir='/c/libs/expat-1.95.8/lib'
libexecdir='${exec_prefix}/libexec'
localstatedir='${prefix}/var'
mandir='${prefix}/man'
oldincludedir='/usr/include'
prefix='NONE'
program_transform_name='s,x,x,'
sbindir='${exec_prefix}/sbin'
sharedstatedir='${prefix}/com'
sysconfdir='${prefix}/etc'
target_alias=''

## ----------- ##
## confdefs.h. ##
## ----------- ##

#define PACKAGE "scew"
#define PACKAGE_BUGREPORT ""
#define PACKAGE_NAME ""
#define PACKAGE_STRING ""
#define PACKAGE_TARNAME ""
#define PACKAGE_VERSION ""
#define STDC_HEADERS 1
#define VERSION "0.4.0"

configure: exit 1
